<?xml version="1.0" encoding="UTF-8"?>
<robot generator="Robot 4.1.3 (Python 3.9.10 on darwin)" generated="20220310 16:51:17.802" rpa="false" schemaversion="2">
<suite id="s1" name="UserStory3" source="/Users/sumanth/Downloads/GovTech_Assignment/oppenheimer-project-dev/Oppenheimer_Project/tests/userStory3.robot">
<test id="s1-t1" name="AC1:Verify first row of csv contains mandatory headers">
<kw name="Read CSV File" library="keywords">
<var>@{read_csv}</var>
<doc>Takes input CSV file and reads the contents into a list
Returns the CSV data in the form of list for further computation</doc>
<kw name="Get File" library="OperatingSystem">
<var>${csv}</var>
<arg>${INPUT_FILES_PATH}/Input_Data.csv</arg>
<doc>Returns the contents of a specified file.</doc>
<msg timestamp="20220310 16:51:18.006" level="INFO" html="true">Getting file '&lt;a href="file:///Users/sumanth/Downloads/GovTech_Assignment/oppenheimer-project-dev/Oppenheimer_Project/inputs/Input_Data.csv"&gt;/Users/sumanth/Downloads/GovTech_Assignment/oppenheimer-project-dev/Oppenheimer_Project/inputs/Input_Data.csv&lt;/a&gt;'.</msg>
<msg timestamp="20220310 16:51:18.007" level="INFO">${csv} = natid,name,gender,salary,birthday,tax
S1325702H,Sumanth,M,10000,05101985,900
</msg>
<status status="PASS" starttime="20220310 16:51:18.005" endtime="20220310 16:51:18.007"/>
</kw>
<kw name="Create List" library="BuiltIn">
<var>@{read}</var>
<arg>${csv}</arg>
<doc>Returns a list containing given items.</doc>
<msg timestamp="20220310 16:51:18.008" level="INFO">@{read} = [ natid,name,gender,salary,birthday,tax
S1325702H,Sumanth,M,10000,05101985,900
 ]</msg>
<status status="PASS" starttime="20220310 16:51:18.007" endtime="20220310 16:51:18.008"/>
</kw>
<msg timestamp="20220310 16:51:18.008" level="INFO">@{read_csv} = [ natid,name,gender,salary,birthday,tax
S1325702H,Sumanth,M,10000,05101985,900
 ]</msg>
<status status="PASS" starttime="20220310 16:51:18.005" endtime="20220310 16:51:18.008"/>
</kw>
<kw name="Retrieve the first row from CSV" library="keywords">
<var>${actual_csv_header}</var>
<arg>@{read_csv}</arg>
<doc>Reads the CSV content from a list
Returns the CSV header</doc>
<kw name="Split To Lines" library="String">
<var>@{lines}</var>
<arg>@{read}</arg>
<arg>0</arg>
<arg>-1</arg>
<doc>Splits the given string to lines.</doc>
<msg timestamp="20220310 16:51:18.009" level="INFO">1 lines returned</msg>
<msg timestamp="20220310 16:51:18.009" level="INFO">@{lines} = [ natid,name,gender,salary,birthday,tax ]</msg>
<status status="PASS" starttime="20220310 16:51:18.009" endtime="20220310 16:51:18.009"/>
</kw>
<kw name="Create List" library="BuiltIn">
<var>${actual_csv_header}</var>
<doc>Returns a list containing given items.</doc>
<msg timestamp="20220310 16:51:18.010" level="INFO">${actual_csv_header} = []</msg>
<status status="PASS" starttime="20220310 16:51:18.009" endtime="20220310 16:51:18.010"/>
</kw>
<kw name="Split String" library="String">
<var>@{csv_header}</var>
<arg>${lines}[0]</arg>
<arg>,</arg>
<doc>Splits the ``string`` using ``separator`` as a delimiter string.</doc>
<msg timestamp="20220310 16:51:18.010" level="INFO">@{csv_header} = [ natid | name | gender | salary | birthday | tax ]</msg>
<status status="PASS" starttime="20220310 16:51:18.010" endtime="20220310 16:51:18.011"/>
</kw>
<for flavor="IN">
<var>${header}</var>
<value>@{csv_header}</value>
<iter>
<var name="${header}">natid</var>
<kw name="Append To List" library="Collections">
<arg>${actual_csv_header}</arg>
<arg>${header}</arg>
<doc>Adds ``values`` to the end of ``list``.</doc>
<status status="PASS" starttime="20220310 16:51:18.011" endtime="20220310 16:51:18.011"/>
</kw>
<status status="PASS" starttime="20220310 16:51:18.011" endtime="20220310 16:51:18.011"/>
</iter>
<iter>
<var name="${header}">name</var>
<kw name="Append To List" library="Collections">
<arg>${actual_csv_header}</arg>
<arg>${header}</arg>
<doc>Adds ``values`` to the end of ``list``.</doc>
<status status="PASS" starttime="20220310 16:51:18.012" endtime="20220310 16:51:18.012"/>
</kw>
<status status="PASS" starttime="20220310 16:51:18.011" endtime="20220310 16:51:18.012"/>
</iter>
<iter>
<var name="${header}">gender</var>
<kw name="Append To List" library="Collections">
<arg>${actual_csv_header}</arg>
<arg>${header}</arg>
<doc>Adds ``values`` to the end of ``list``.</doc>
<status status="PASS" starttime="20220310 16:51:18.012" endtime="20220310 16:51:18.013"/>
</kw>
<status status="PASS" starttime="20220310 16:51:18.012" endtime="20220310 16:51:18.013"/>
</iter>
<iter>
<var name="${header}">salary</var>
<kw name="Append To List" library="Collections">
<arg>${actual_csv_header}</arg>
<arg>${header}</arg>
<doc>Adds ``values`` to the end of ``list``.</doc>
<status status="PASS" starttime="20220310 16:51:18.013" endtime="20220310 16:51:18.013"/>
</kw>
<status status="PASS" starttime="20220310 16:51:18.013" endtime="20220310 16:51:18.013"/>
</iter>
<iter>
<var name="${header}">birthday</var>
<kw name="Append To List" library="Collections">
<arg>${actual_csv_header}</arg>
<arg>${header}</arg>
<doc>Adds ``values`` to the end of ``list``.</doc>
<status status="PASS" starttime="20220310 16:51:18.013" endtime="20220310 16:51:18.013"/>
</kw>
<status status="PASS" starttime="20220310 16:51:18.013" endtime="20220310 16:51:18.013"/>
</iter>
<iter>
<var name="${header}">tax</var>
<kw name="Append To List" library="Collections">
<arg>${actual_csv_header}</arg>
<arg>${header}</arg>
<doc>Adds ``values`` to the end of ``list``.</doc>
<status status="PASS" starttime="20220310 16:51:18.013" endtime="20220310 16:51:18.014"/>
</kw>
<status status="PASS" starttime="20220310 16:51:18.013" endtime="20220310 16:51:18.014"/>
</iter>
<status status="PASS" starttime="20220310 16:51:18.011" endtime="20220310 16:51:18.014"/>
</for>
<kw name="Log" library="BuiltIn">
<arg>${actual_csv_header}</arg>
<doc>Logs the given message with the given level.</doc>
<msg timestamp="20220310 16:51:18.014" level="INFO">['natid', 'name', 'gender', 'salary', 'birthday', 'tax']</msg>
<status status="PASS" starttime="20220310 16:51:18.014" endtime="20220310 16:51:18.014"/>
</kw>
<msg timestamp="20220310 16:51:18.014" level="INFO">${actual_csv_header} = ['natid', 'name', 'gender', 'salary', 'birthday', 'tax']</msg>
<status status="PASS" starttime="20220310 16:51:18.008" endtime="20220310 16:51:18.014"/>
</kw>
<kw name="Verify the CSV headers" library="keywords">
<arg>${actual_csv_header}</arg>
<doc>Verify if the CSV header is as expected and matchs the requirement</doc>
<kw name="Create List" library="BuiltIn">
<var>${expected_csv_header}</var>
<arg>natid</arg>
<arg>name</arg>
<arg>gender</arg>
<arg>salary</arg>
<arg>birthday</arg>
<arg>tax</arg>
<doc>Returns a list containing given items.</doc>
<msg timestamp="20220310 16:51:18.015" level="INFO">${expected_csv_header} = ['natid', 'name', 'gender', 'salary', 'birthday', 'tax']</msg>
<status status="PASS" starttime="20220310 16:51:18.015" endtime="20220310 16:51:18.015"/>
</kw>
<kw name="Lists Should Be Equal" library="Collections">
<arg>${actual_csv_header}</arg>
<arg>${expected_csv_header}</arg>
<doc>Fails if given lists are unequal.</doc>
<status status="PASS" starttime="20220310 16:51:18.015" endtime="20220310 16:51:18.015"/>
</kw>
<status status="PASS" starttime="20220310 16:51:18.014" endtime="20220310 16:51:18.015"/>
</kw>
<doc>First row of the csv file must be
natid, name, gender, salary, birthday, tax</doc>
<tag>Functional Test</tag>
<status status="PASS" starttime="20220310 16:51:18.004" endtime="20220310 16:51:18.016"/>
</test>
<test id="s1-t2" name="AC2:Verify the CVS consists of relevant details">
<kw name="Read CSV File" library="keywords">
<var>@{read_csv}</var>
<doc>Takes input CSV file and reads the contents into a list
Returns the CSV data in the form of list for further computation</doc>
<kw name="Get File" library="OperatingSystem">
<var>${csv}</var>
<arg>${INPUT_FILES_PATH}/Input_Data.csv</arg>
<doc>Returns the contents of a specified file.</doc>
<msg timestamp="20220310 16:51:18.018" level="INFO" html="true">Getting file '&lt;a href="file:///Users/sumanth/Downloads/GovTech_Assignment/oppenheimer-project-dev/Oppenheimer_Project/inputs/Input_Data.csv"&gt;/Users/sumanth/Downloads/GovTech_Assignment/oppenheimer-project-dev/Oppenheimer_Project/inputs/Input_Data.csv&lt;/a&gt;'.</msg>
<msg timestamp="20220310 16:51:18.018" level="INFO">${csv} = natid,name,gender,salary,birthday,tax
S1325702H,Sumanth,M,10000,05101985,900
</msg>
<status status="PASS" starttime="20220310 16:51:18.017" endtime="20220310 16:51:18.018"/>
</kw>
<kw name="Create List" library="BuiltIn">
<var>@{read}</var>
<arg>${csv}</arg>
<doc>Returns a list containing given items.</doc>
<msg timestamp="20220310 16:51:18.019" level="INFO">@{read} = [ natid,name,gender,salary,birthday,tax
S1325702H,Sumanth,M,10000,05101985,900
 ]</msg>
<status status="PASS" starttime="20220310 16:51:18.018" endtime="20220310 16:51:18.019"/>
</kw>
<msg timestamp="20220310 16:51:18.019" level="INFO">@{read_csv} = [ natid,name,gender,salary,birthday,tax
S1325702H,Sumanth,M,10000,05101985,900
 ]</msg>
<status status="PASS" starttime="20220310 16:51:18.017" endtime="20220310 16:51:18.019"/>
</kw>
<doc>Subsequent rows of csv are the relevant details
of each working class hero</doc>
<tag>Functional Test</tag>
<status status="PASS" starttime="20220310 16:51:18.016" endtime="20220310 16:51:18.019"/>
</test>
<test id="s1-t3" name="AC3:Verify upload of CSV is working in portal">
<kw name="Open Browser To launch app" library="keywords">
<doc>Create a webdriver
Then navigate to the application URL
Verify if the title matches the desired login page title</doc>
<kw name="Create Webdriver" library="SeleniumLibrary">
<arg>${BROWSER}</arg>
<arg>executable_path=${EXECUTABLE_PATH}</arg>
<doc>Creates an instance of Selenium WebDriver.</doc>
<msg timestamp="20220310 16:51:18.021" level="INFO">Creating an instance of the Chrome WebDriver.</msg>
<status status="PASS" starttime="20220310 16:51:18.021" endtime="20220310 16:51:20.668"/>
</kw>
<kw name="Go To" library="SeleniumLibrary">
<arg>${BASE_URL}</arg>
<doc>Navigates the current browser window to the provided ``url``.</doc>
<msg timestamp="20220310 16:51:20.669" level="INFO">Opening url 'http://localhost:8080'</msg>
<status status="PASS" starttime="20220310 16:51:20.668" endtime="20220310 16:51:21.491"/>
</kw>
<kw name="Title Should Be" library="SeleniumLibrary">
<arg>${LOGIN_PAGE_TITLE}</arg>
<doc>Verifies that the current page title equals ``title``.</doc>
<msg timestamp="20220310 16:51:21.508" level="INFO">Page title is 'Technical Challenge for CDS'.</msg>
<status status="PASS" starttime="20220310 16:51:21.491" endtime="20220310 16:51:21.508"/>
</kw>
<status status="PASS" starttime="20220310 16:51:18.020" endtime="20220310 16:51:21.509"/>
</kw>
<kw name="Check if upload CSV button placeholder is present" library="keywords">
<doc>This is used to check if the placeholder to upload CSV is present on the portal</doc>
<kw name="Page Should Contain Element" library="SeleniumLibrary">
<arg>${UPLOAD_CSV_LOCATOR}</arg>
<doc>Verifies that element ``locator`` is found on the current page.</doc>
<msg timestamp="20220310 16:51:21.527" level="INFO">Current page contains element '//label[contains(text(),'Choose file')]'.</msg>
<status status="PASS" starttime="20220310 16:51:21.510" endtime="20220310 16:51:21.527"/>
</kw>
<status status="PASS" starttime="20220310 16:51:21.509" endtime="20220310 16:51:21.528"/>
</kw>
<kw name="Verify uploading a CSV to portal" library="keywords">
<doc>Verify uploading CSV is successful</doc>
<kw name="Normalize Path" library="OperatingSystem">
<var>${NORMAL_PATH_UPLOAD_FILE_NAME}</var>
<arg>${INPUT_FILES_PATH}/Input_Data.csv</arg>
<doc>Normalizes the given path.</doc>
<msg timestamp="20220310 16:51:21.528" level="INFO">${NORMAL_PATH_UPLOAD_FILE_NAME} = /Users/sumanth/Downloads/GovTech_Assignment/oppenheimer-project-dev/Oppenheimer_Project/inputs/Input_Data.csv</msg>
<status status="PASS" starttime="20220310 16:51:21.528" endtime="20220310 16:51:21.528"/>
</kw>
<kw name="Choose File" library="SeleniumLibrary">
<arg>${UPLOAD_CSV_CLICKABLE}</arg>
<arg>${NORMAL_PATH_UPLOAD_FILE_NAME}</arg>
<doc>Inputs the ``file_path`` into the file input field ``locator``.</doc>
<msg timestamp="20220310 16:51:21.529" level="INFO">Sending /Users/sumanth/Downloads/GovTech_Assignment/oppenheimer-project-dev/Oppenheimer_Project/inputs/Input_Data.csv to browser.</msg>
<status status="PASS" starttime="20220310 16:51:21.529" endtime="20220310 16:51:21.581"/>
</kw>
<status status="PASS" starttime="20220310 16:51:21.528" endtime="20220310 16:51:21.582"/>
</kw>
<kw name="Close Browser session" library="keywords">
<doc>Used to close the browser</doc>
<kw name="Close Browser" library="SeleniumLibrary">
<doc>Closes the current browser.</doc>
<status status="PASS" starttime="20220310 16:51:21.583" endtime="20220310 16:51:21.660"/>
</kw>
<status status="PASS" starttime="20220310 16:51:21.582" endtime="20220310 16:51:21.660"/>
</kw>
<doc>A simple button that allows me to upload a
file on my pc to the portal</doc>
<tag>Functional Test</tag>
<status status="PASS" starttime="20220310 16:51:18.020" endtime="20220310 16:51:21.661"/>
</test>
<doc>As the Clerk, I should be able to upload a csv file to a portal
so that I can populate the database from a UI

Keywords are imported from the resource file</doc>
<status status="PASS" starttime="20220310 16:51:17.805" endtime="20220310 16:51:21.662"/>
</suite>
<statistics>
<total>
<stat pass="3" fail="0" skip="0">All Tests</stat>
</total>
<tag>
<stat pass="3" fail="0" skip="0">Functional Test</stat>
</tag>
<suite>
<stat pass="3" fail="0" skip="0" id="s1" name="UserStory3">UserStory3</stat>
</suite>
</statistics>
<errors>
</errors>
</robot>
