<?xml version="1.0" encoding="UTF-8"?>
<robot generator="Robot 4.1.3 (Python 3.9.10 on darwin)" generated="20220310 16:51:41.492" rpa="false" schemaversion="2">
<suite id="s1" name="UserStory4" source="/Users/sumanth/Downloads/GovTech_Assignment/oppenheimer-project-dev/Oppenheimer_Project/tests/userStory4.robot">
<test id="s1-t1" name="AC1:Verify taxRelief endpoint return a list consist of natid, tax relief amount and name">
<kw name="Retrieve list of Tax Relief amount details via API" library="keywords">
<doc>It is used to execute a endpoint API
and return a list consist of natid, tax relief amount and name
Verify the status code returned</doc>
<kw name="Convert String to JSON" library="keywords">
<var>${headers}</var>
<arg>${HEADERS}</arg>
<doc>This keyword is used to convert any string to JSON</doc>
<kw name="Evaluate" library="BuiltIn">
<var>${headers}</var>
<arg>json.loads("""${object}""")</arg>
<arg>json</arg>
<doc>Evaluates the given expression in Python and returns the result.</doc>
<msg timestamp="20220310 16:51:41.688" level="INFO">${headers} = {'Content-Type': 'application/json', 'accept': '*/*'}</msg>
<status status="PASS" starttime="20220310 16:51:41.687" endtime="20220310 16:51:41.688"/>
</kw>
<msg timestamp="20220310 16:51:41.688" level="INFO">${headers} = {'Content-Type': 'application/json', 'accept': '*/*'}</msg>
<status status="PASS" starttime="20220310 16:51:41.687" endtime="20220310 16:51:41.688"/>
</kw>
<kw name="Get Request" library="RestAPIs">
<var>${response}</var>
<var>${status}</var>
<arg>${BASE_URL}/calculator/taxRelief</arg>
<doc>This is a common function to
retrieve data any API using GET method</doc>
<msg timestamp="20220310 16:51:41.716" level="INFO">${response} = [{"natid":"S132$$$$$","name":"Madhu","relief":"7020.00"},{"natid":"S132$$$$$","name":"Sumanth","relief":"4550.00"},{"natid":"S132$$$$$","name":"Sumanth","relief":"4550.00"},{"natid":"S132$$$$$","name"...</msg>
<msg timestamp="20220310 16:51:41.716" level="INFO">${status} = 200</msg>
<status status="PASS" starttime="20220310 16:51:41.688" endtime="20220310 16:51:41.716"/>
</kw>
<kw name="Should Be Equal" library="BuiltIn">
<arg>200</arg>
<arg>${status}</arg>
<doc>Fails if the given objects are unequal.</doc>
<status status="PASS" starttime="20220310 16:51:41.716" endtime="20220310 16:51:41.716"/>
</kw>
<status status="PASS" starttime="20220310 16:51:41.686" endtime="20220310 16:51:41.716"/>
</kw>
<doc>A GET endpoint which returns a list consist of natid, tax relief amount and name</doc>
<tag>Functional Test</tag>
<status status="PASS" starttime="20220310 16:51:41.685" endtime="20220310 16:51:41.717"/>
</test>
<test id="s1-t2" name="AC2:Verify natid is masked from 5th character onwards">
<kw name="Retrieve list of Tax Relief amount details via API" library="keywords">
<var>${response}</var>
<doc>It is used to execute a endpoint API
and return a list consist of natid, tax relief amount and name
Verify the status code returned</doc>
<kw name="Convert String to JSON" library="keywords">
<var>${headers}</var>
<arg>${HEADERS}</arg>
<doc>This keyword is used to convert any string to JSON</doc>
<kw name="Evaluate" library="BuiltIn">
<var>${headers}</var>
<arg>json.loads("""${object}""")</arg>
<arg>json</arg>
<doc>Evaluates the given expression in Python and returns the result.</doc>
<msg timestamp="20220310 16:51:41.720" level="INFO">${headers} = {'Content-Type': 'application/json', 'accept': '*/*'}</msg>
<status status="PASS" starttime="20220310 16:51:41.719" endtime="20220310 16:51:41.720"/>
</kw>
<msg timestamp="20220310 16:51:41.720" level="INFO">${headers} = {'Content-Type': 'application/json', 'accept': '*/*'}</msg>
<status status="PASS" starttime="20220310 16:51:41.719" endtime="20220310 16:51:41.720"/>
</kw>
<kw name="Get Request" library="RestAPIs">
<var>${response}</var>
<var>${status}</var>
<arg>${BASE_URL}/calculator/taxRelief</arg>
<doc>This is a common function to
retrieve data any API using GET method</doc>
<msg timestamp="20220310 16:51:41.737" level="INFO">${response} = [{"natid":"S132$$$$$","name":"Madhu","relief":"7020.00"},{"natid":"S132$$$$$","name":"Sumanth","relief":"4550.00"},{"natid":"S132$$$$$","name":"Sumanth","relief":"4550.00"},{"natid":"S132$$$$$","name"...</msg>
<msg timestamp="20220310 16:51:41.737" level="INFO">${status} = 200</msg>
<status status="PASS" starttime="20220310 16:51:41.720" endtime="20220310 16:51:41.737"/>
</kw>
<kw name="Should Be Equal" library="BuiltIn">
<arg>200</arg>
<arg>${status}</arg>
<doc>Fails if the given objects are unequal.</doc>
<status status="PASS" starttime="20220310 16:51:41.737" endtime="20220310 16:51:41.737"/>
</kw>
<msg timestamp="20220310 16:51:41.737" level="INFO">${response} = [{"natid":"S132$$$$$","name":"Madhu","relief":"7020.00"},{"natid":"S132$$$$$","name":"Sumanth","relief":"4550.00"},{"natid":"S132$$$$$","name":"Sumanth","relief":"4550.00"},{"natid":"S132$$$$$","name"...</msg>
<status status="PASS" starttime="20220310 16:51:41.718" endtime="20220310 16:51:41.737"/>
</kw>
<kw name="Verify natid Masking" library="keywords">
<var>${value}</var>
<arg>${response}</arg>
<doc>Calls a custom library to verify if the natid is masked from 5th character onwards</doc>
<kw name="Verify Natid Masking" library="PatternMatching">
<var>${value}</var>
<arg>${response}</arg>
<arg>${PATTERN_TO_MATCH}</arg>
<doc>Function to read the response obtained by GET API method
and parse through to check if the natid is masked from 5th character onwards</doc>
<msg timestamp="20220310 16:51:41.739" level="INFO">['$$$$$']
Masking successful for hero: Madhu with natid: S132$$$$$
['$$$$$']
Masking successful for hero: Sumanth with natid: S132$$$$$
['$$$$$']
Masking successful for hero: Sumanth with natid: S132$$$$$
['$$$$$']
Masking successful for hero: Madhu with natid: S132$$$$$
['$$$$$']
Masking successful for hero: Madhu with natid: S132$$$$$
['$$$$$']
Masking successful for hero: Madhu with natid: S132$$$$$
['$$$$$']
Masking successful for hero: Madhu with natid: S132$$$$$
['$$$$$']
Masking successful for hero: Shashank with natid: S132$$$$$
['$$$$$']
Masking successful for hero: Sumanth with natid: S132$$$$$
['$$$$$']
Masking successful for hero: Sumanth with natid: S132$$$$$
['$$$$$']
Masking successful for hero: Madhu with natid: S132$$$$$
['$$$$$']
Masking successful for hero: Shashank with natid: S132$$$$$
['$$$$$']
Masking successful for hero: Sumanth with natid: S132$$$$$
['$$$$$']
Masking successful for hero: Sumanth with natid: S132$$$$$</msg>
<msg timestamp="20220310 16:51:41.739" level="INFO">${value} = ['$$$$$']</msg>
<status status="PASS" starttime="20220310 16:51:41.738" endtime="20220310 16:51:41.739"/>
</kw>
<msg timestamp="20220310 16:51:41.739" level="INFO">${value} = None</msg>
<status status="PASS" starttime="20220310 16:51:41.738" endtime="20220310 16:51:41.739"/>
</kw>
<doc>natid field must be masked from the 5th character onwards with dollar sign ‘$’</doc>
<tag>Functional Test</tag>
<status status="PASS" starttime="20220310 16:51:41.718" endtime="20220310 16:51:41.739"/>
</test>
<doc>As the Bookkeeper, I should be able to query the amount of tax
relief for each person in the database so that I can report the
figures to my Bookkeeping Manager.

Keywords are imported from the resource file</doc>
<status status="PASS" starttime="20220310 16:51:41.495" endtime="20220310 16:51:41.740"/>
</suite>
<statistics>
<total>
<stat pass="2" fail="0" skip="0">All Tests</stat>
</total>
<tag>
<stat pass="2" fail="0" skip="0">Functional Test</stat>
</tag>
<suite>
<stat pass="2" fail="0" skip="0" id="s1" name="UserStory4">UserStory4</stat>
</suite>
</statistics>
<errors>
</errors>
</robot>
